#
# There is insufficient memory for the Java Runtime Environment to continue.
# Native memory allocation (malloc) failed to allocate 766352 bytes for Chunk::new
# Possible reasons:
#   The system is out of physical RAM or swap space
#   In 32 bit mode, the process size limit was hit
# Possible solutions:
#   Reduce memory load on the system
#   Increase physical memory or swap space
#   Check if swap backing store is full
#   Use 64 bit Java on a 64 bit OS
#   Decrease Java heap size (-Xmx/-Xms)
#   Decrease number of Java threads
#   Decrease Java thread stack sizes (-Xss)
#   Set larger code cache with -XX:ReservedCodeCacheSize=
# This output file may be truncated or incomplete.
#
#  Out of Memory Error (allocation.cpp:390), pid=59540, tid=0x000000000000c674
#
# JRE version: OpenJDK Runtime Environment (8.0_152-b05) (build 1.8.0_152-release-1136-b05)
# Java VM: OpenJDK 64-Bit Server VM (25.152-b05 mixed mode windows-amd64 compressed oops)
# Failed to write core dump. Minidumps are not enabled by default on client versions of Windows
#

---------------  T H R E A D  ---------------

Current thread (0x000000001675a800):  JavaThread "C2 CompilerThread0" daemon [_thread_in_native, id=50804, stack(0x0000000017de0000,0x0000000017ee0000)]

Stack: [0x0000000017de0000,0x0000000017ee0000]
[error occurred during error reporting (printing stack bounds), id 0xc0000005]

Native frames: (J=compiled Java code, j=interpreted, Vv=VM code, C=native code)


Current CompileTask:
C2:  17777 2919       4       groovy.lang.MetaClassImpl$1MOPIter::methodNameAction (479 bytes)


---------------  P R O C E S S  ---------------

Java Threads: ( => current thread )
  0x0000000019833000 JavaThread "Build operations Thread 4" [_thread_blocked, id=53916, stack(0x0000000020660000,0x0000000020760000)]
  0x0000000019830000 JavaThread "Build operations Thread 3" [_thread_blocked, id=61368, stack(0x0000000020560000,0x0000000020660000)]
  0x0000000019c0b800 JavaThread "Build operations Thread 2" [_thread_blocked, id=58844, stack(0x0000000020460000,0x0000000020560000)]
  0x0000000019c0e800 JavaThread "Build operations" [_thread_blocked, id=57712, stack(0x0000000020140000,0x0000000020240000)]
  0x0000000019c0e000 JavaThread "Cache worker for Artifact transforms cache (C:\Users\wecal\.gradle\caches\transforms-1)" [_thread_blocked, id=60520, stack(0x000000001d5e0000,0x000000001d6e0000)]
  0x0000000019110800 JavaThread "Cache worker for file hash cache (C:\Users\wecal\AndroidStudioProjects\Castn\.gradle\4.6\fileHashes)" [_thread_blocked, id=59336, stack(0x000000001c310000,0x000000001c410000)]
  0x0000000018efa000 JavaThread "File lock request listener" [_thread_in_native, id=61476, stack(0x000000001b240000,0x000000001b340000)]
  0x000000001812c800 JavaThread "Cache worker for file hash cache (C:\Users\wecal\.gradle\caches\4.6\fileHashes)" [_thread_blocked, id=61700, stack(0x000000001b140000,0x000000001b240000)]
  0x0000000019736000 JavaThread "Stdin handler" [_thread_blocked, id=57920, stack(0x000000001ae40000,0x000000001af40000)]
  0x0000000019733000 JavaThread "Asynchronous log dispatcher for DefaultDaemonConnection: socket connection from /127.0.0.1:53242 to /127.0.0.1:53243" [_thread_blocked, id=58052, stack(0x000000001ad40000,0x000000001ae40000)]
  0x000000001971f000 JavaThread "Daemon worker" [_thread_in_native, id=30224, stack(0x000000001ac40000,0x000000001ad40000)]
  0x000000001971e000 JavaThread "Cancel handler" [_thread_blocked, id=50124, stack(0x000000001ab40000,0x000000001ac40000)]
  0x00000000183cb800 JavaThread "Handler for socket connection from /127.0.0.1:53242 to /127.0.0.1:53243" [_thread_in_native, id=61552, stack(0x000000001a840000,0x000000001a940000)]
  0x00000000183ca800 JavaThread "Daemon" [_thread_blocked, id=55148, stack(0x000000001a740000,0x000000001a840000)]
  0x00000000196b2800 JavaThread "Daemon periodic checks" [_thread_blocked, id=60812, stack(0x000000001a640000,0x000000001a740000)]
  0x000000001966b000 JavaThread "Incoming local TCP Connector on port 53242" [_thread_in_native, id=57156, stack(0x000000001a3f0000,0x000000001a4f0000)]
  0x00000000167bd800 JavaThread "Service Thread" daemon [_thread_blocked, id=62196, stack(0x00000000184e0000,0x00000000185e0000)]
  0x000000001676d000 JavaThread "C1 CompilerThread2" daemon [_thread_blocked, id=55516, stack(0x0000000017fe0000,0x00000000180e0000)]
  0x0000000016760800 JavaThread "C2 CompilerThread1" daemon [_thread_in_native, id=53984, stack(0x0000000017ee0000,0x0000000017fe0000)]
=>0x000000001675a800 JavaThread "C2 CompilerThread0" daemon [_thread_in_native, id=50804, stack(0x0000000017de0000,0x0000000017ee0000)]
  0x0000000016759000 JavaThread "Attach Listener" daemon [_thread_blocked, id=58600, stack(0x0000000017ce0000,0x0000000017de0000)]
  0x0000000016767800 JavaThread "Signal Dispatcher" daemon [_thread_blocked, id=60696, stack(0x0000000017be0000,0x0000000017ce0000)]
  0x0000000002ded800 JavaThread "Finalizer" daemon [_thread_blocked, id=62236, stack(0x00000000179d0000,0x0000000017ad0000)]
  0x0000000002de1800 JavaThread "Reference Handler" daemon [_thread_blocked, id=60980, stack(0x00000000178d0000,0x00000000179d0000)]
  0x0000000002bee000 JavaThread "main" [_thread_blocked, id=62368, stack(0x0000000002bf0000,0x0000000002cf0000)]

Other Threads:
  0x0000000016726000 VMThread [stack: 0x00000000177d0000,0x00000000178d0000] [id=58156]
  0x00000000167be800 WatcherThread [stack: 0x00000000185e0000,0x00000000186e0000] [id=55236]

VM state:not at safepoint (normal execution)

VM Mutex/Monitor currently owned by a thread: None

Heap:
 PSYoungGen      total 69632K, used 35262K [0x00000000e0000000, 0x00000000e4f80000, 0x0000000100000000)
  eden space 59904K, 49% used [0x00000000e0000000,0x00000000e1cd3bb8,0x00000000e3a80000)
  from space 9728K, 59% used [0x00000000e4400000,0x00000000e499beb0,0x00000000e4d80000)
  to   space 9728K, 0% used [0x00000000e3a80000,0x00000000e3a80000,0x00000000e4400000)
 ParOldGen       total 53248K, used 8149K [0x00000000a0000000, 0x00000000a3400000, 0x00000000e0000000)
  object space 53248K, 15% used [0x00000000a0000000,0x00000000a07f55b8,0x00000000a3400000)
 Metaspace       used 29830K, capacity 30420K, committed 30768K, reserved 1075200K
  class space    used 4162K, capacity 4351K, committed 4400K, reserved 1048576K

Card table byte_map: [0x00000000121b0000,0x00000000124c0000] byte_map_base: 0x0000000011cb0000

Marking Bits: (ParMarkBitMap*) 0x000000005f0d5aa0
 Begin Bits: [0x0000000012ac0000, 0x00000000142c0000)
 End Bits:   [0x00000000142c0000, 0x0000000015ac0000)

Polling page: 0x0000000002b50000

CodeCache: size=245760Kb used=9601Kb max_used=9612Kb free=236158Kb
 bounds [0x0000000002df0000, 0x0000000003760000, 0x0000000011df0000]
 total_blobs=3412 nmethods=2743 adapters=582
 compilation: enabled

Compilation events (10 events):
Event: 17.591 Thread 0x000000001676d000 2927       3       java.util.Arrays$ArrayList::toArray (11 bytes)
Event: 17.592 Thread 0x000000001676d000 nmethod 2927 0x00000000037589d0 code [0x0000000003758b40, 0x0000000003758e48]
Event: 17.592 Thread 0x000000001676d000 2928       1       groovy.lang.MetaClassImpl$MethodIndexAction::skipClass (2 bytes)
Event: 17.592 Thread 0x000000001676d000 nmethod 2928 0x0000000003740390 code [0x00000000037404e0, 0x00000000037405f0]
Event: 17.592 Thread 0x000000001676d000 2930       1       com.google.common.collect.MapMakerInternalMap$StrongEntry::getNext (5 bytes)
Event: 17.593 Thread 0x000000001676d000 nmethod 2930 0x0000000003758710 code [0x0000000003758860, 0x0000000003758970]
Event: 17.596 Thread 0x0000000016760800 nmethod 2918 0x000000000375b450 code [0x000000000375b5c0, 0x000000000375bb78]
Event: 17.596 Thread 0x0000000016760800 2929       4       java.util.Arrays::binarySearch0 (95 bytes)
Event: 17.634 Thread 0x000000001676d000 2931       3       sun.misc.MetaIndex::forJar (13 bytes)
Event: 17.635 Thread 0x000000001676d000 nmethod 2931 0x0000000003758190 code [0x0000000003758300, 0x0000000003758618]

GC Heap History (10 events):
Event: 14.720 GC heap before
{Heap before GC invocations=5 (full 0):
 PSYoungGen      total 38400K, used 21821K [0x00000000e0000000, 0x00000000e2a80000, 0x0000000100000000)
  eden space 33280K, 50% used [0x00000000e0000000,0x00000000e10575c8,0x00000000e2080000)
  from space 5120K, 99% used [0x00000000e2580000,0x00000000e2a78040,0x00000000e2a80000)
  to   space 5120K, 0% used [0x00000000e2080000,0x00000000e2080000,0x00000000e2580000)
 ParOldGen       total 87552K, used 5320K [0x00000000a0000000, 0x00000000a5580000, 0x00000000e0000000)
  object space 87552K, 6% used [0x00000000a0000000,0x00000000a0532200,0x00000000a5580000)
 Metaspace       used 20759K, capacity 21192K, committed 21296K, reserved 1067008K
  class space    used 2914K, capacity 3076K, committed 3120K, reserved 1048576K
Event: 14.727 GC heap after
Heap after GC invocations=5 (full 0):
 PSYoungGen      total 38400K, used 5108K [0x00000000e0000000, 0x00000000e2a80000, 0x0000000100000000)
  eden space 33280K, 0% used [0x00000000e0000000,0x00000000e0000000,0x00000000e2080000)
  from space 5120K, 99% used [0x00000000e2080000,0x00000000e257d060,0x00000000e2580000)
  to   space 5120K, 0% used [0x00000000e2580000,0x00000000e2580000,0x00000000e2a80000)
 ParOldGen       total 87552K, used 8116K [0x00000000a0000000, 0x00000000a5580000, 0x00000000e0000000)
  object space 87552K, 9% used [0x00000000a0000000,0x00000000a07ed090,0x00000000a5580000)
 Metaspace       used 20759K, capacity 21192K, committed 21296K, reserved 1067008K
  class space    used 2914K, capacity 3076K, committed 3120K, reserved 1048576K
}
Event: 14.727 GC heap before
{Heap before GC invocations=6 (full 1):
 PSYoungGen      total 38400K, used 5108K [0x00000000e0000000, 0x00000000e2a80000, 0x0000000100000000)
  eden space 33280K, 0% used [0x00000000e0000000,0x00000000e0000000,0x00000000e2080000)
  from space 5120K, 99% used [0x00000000e2080000,0x00000000e257d060,0x00000000e2580000)
  to   space 5120K, 0% used [0x00000000e2580000,0x00000000e2580000,0x00000000e2a80000)
 ParOldGen       total 87552K, used 8116K [0x00000000a0000000, 0x00000000a5580000, 0x00000000e0000000)
  object space 87552K, 9% used [0x00000000a0000000,0x00000000a07ed090,0x00000000a5580000)
 Metaspace       used 20759K, capacity 21192K, committed 21296K, reserved 1067008K
  class space    used 2914K, capacity 3076K, committed 3120K, reserved 1048576K
Event: 14.767 GC heap after
Heap after GC invocations=6 (full 1):
 PSYoungGen      total 38400K, used 0K [0x00000000e0000000, 0x00000000e2a80000, 0x0000000100000000)
  eden space 33280K, 0% used [0x00000000e0000000,0x00000000e0000000,0x00000000e2080000)
  from space 5120K, 0% used [0x00000000e2080000,0x00000000e2080000,0x00000000e2580000)
  to   space 5120K, 0% used [0x00000000e2580000,0x00000000e2580000,0x00000000e2a80000)
 ParOldGen       total 53248K, used 8133K [0x00000000a0000000, 0x00000000a3400000, 0x00000000e0000000)
  object space 53248K, 15% used [0x00000000a0000000,0x00000000a07f15b8,0x00000000a3400000)
 Metaspace       used 20759K, capacity 21192K, committed 21296K, reserved 1067008K
  class space    used 2914K, capacity 3076K, committed 3120K, reserved 1048576K
}
Event: 15.251 GC heap before
{Heap before GC invocations=7 (full 1):
 PSYoungGen      total 38400K, used 33280K [0x00000000e0000000, 0x00000000e2a80000, 0x0000000100000000)
  eden space 33280K, 100% used [0x00000000e0000000,0x00000000e2080000,0x00000000e2080000)
  from space 5120K, 0% used [0x00000000e2080000,0x00000000e2080000,0x00000000e2580000)
  to   space 5120K, 0% used [0x00000000e2580000,0x00000000e2580000,0x00000000e2a80000)
 ParOldGen       total 53248K, used 8133K [0x00000000a0000000, 0x00000000a3400000, 0x00000000e0000000)
  object space 53248K, 15% used [0x00000000a0000000,0x00000000a07f15b8,0x00000000a3400000)
 Metaspace       used 23939K, capacity 24472K, committed 24752K, reserved 1071104K
  class space    used 3293K, capacity 3437K, committed 3504K, reserved 1048576K
Event: 15.254 GC heap after
Heap after GC invocations=7 (full 1):
 PSYoungGen      total 38400K, used 3863K [0x00000000e0000000, 0x00000000e2a80000, 0x0000000100000000)
  eden space 33280K, 0% used [0x00000000e0000000,0x00000000e0000000,0x00000000e2080000)
  from space 5120K, 75% used [0x00000000e2580000,0x00000000e2945c08,0x00000000e2a80000)
  to   space 5120K, 0% used [0x00000000e2080000,0x00000000e2080000,0x00000000e2580000)
 ParOldGen       total 53248K, used 8141K [0x00000000a0000000, 0x00000000a3400000, 0x00000000e0000000)
  object space 53248K, 15% used [0x00000000a0000000,0x00000000a07f35b8,0x00000000a3400000)
 Metaspace       used 23939K, capacity 24472K, committed 24752K, reserved 1071104K
  class space    used 3293K, capacity 3437K, committed 3504K, reserved 1048576K
}
Event: 15.755 GC heap before
{Heap before GC invocations=8 (full 1):
 PSYoungGen      total 38400K, used 37143K [0x00000000e0000000, 0x00000000e2a80000, 0x0000000100000000)
  eden space 33280K, 100% used [0x00000000e0000000,0x00000000e2080000,0x00000000e2080000)
  from space 5120K, 75% used [0x00000000e2580000,0x00000000e2945c08,0x00000000e2a80000)
  to   space 5120K, 0% used [0x00000000e2080000,0x00000000e2080000,0x00000000e2580000)
 ParOldGen       total 53248K, used 8141K [0x00000000a0000000, 0x00000000a3400000, 0x00000000e0000000)
  object space 53248K, 15% used [0x00000000a0000000,0x00000000a07f35b8,0x00000000a3400000)
 Metaspace       used 26581K, capacity 27074K, committed 27440K, reserved 1073152K
  class space    used 3662K, capacity 3833K, committed 3888K, reserved 1048576K
Event: 15.763 GC heap after
Heap after GC invocations=8 (full 1):
 PSYoungGen      total 38400K, used 5001K [0x00000000e0000000, 0x00000000e4d80000, 0x0000000100000000)
  eden space 33280K, 0% used [0x00000000e0000000,0x00000000e0000000,0x00000000e2080000)
  from space 5120K, 97% used [0x00000000e2080000,0x00000000e2562570,0x00000000e2580000)
  to   space 9728K, 0% used [0x00000000e4400000,0x00000000e4400000,0x00000000e4d80000)
 ParOldGen       total 53248K, used 8141K [0x00000000a0000000, 0x00000000a3400000, 0x00000000e0000000)
  object space 53248K, 15% used [0x00000000a0000000,0x00000000a07f35b8,0x00000000a3400000)
 Metaspace       used 26581K, capacity 27074K, committed 27440K, reserved 1073152K
  class space    used 3662K, capacity 3833K, committed 3888K, reserved 1048576K
}
Event: 16.232 GC heap before
{Heap before GC invocations=9 (full 1):
 PSYoungGen      total 38400K, used 38281K [0x00000000e0000000, 0x00000000e4d80000, 0x0000000100000000)
  eden space 33280K, 100% used [0x00000000e0000000,0x00000000e2080000,0x00000000e2080000)
  from space 5120K, 97% used [0x00000000e2080000,0x00000000e2562570,0x00000000e2580000)
  to   space 9728K, 0% used [0x00000000e4400000,0x00000000e4400000,0x00000000e4d80000)
 ParOldGen       total 53248K, used 8141K [0x00000000a0000000, 0x00000000a3400000, 0x00000000e0000000)
  object space 53248K, 15% used [0x00000000a0000000,0x00000000a07f35b8,0x00000000a3400000)
 Metaspace       used 28367K, capacity 28936K, committed 29360K, reserved 1075200K
  class space    used 3973K, capacity 4155K, committed 4272K, reserved 1048576K
Event: 16.247 GC heap after
Heap after GC invocations=9 (full 1):
 PSYoungGen      total 69632K, used 5743K [0x00000000e0000000, 0x00000000e4f80000, 0x0000000100000000)
  eden space 59904K, 0% used [0x00000000e0000000,0x00000000e0000000,0x00000000e3a80000)
  from space 9728K, 59% used [0x00000000e4400000,0x00000000e499beb0,0x00000000e4d80000)
  to   space 9728K, 0% used [0x00000000e3a80000,0x00000000e3a80000,0x00000000e4400000)
 ParOldGen       total 53248K, used 8149K [0x00000000a0000000, 0x00000000a3400000, 0x00000000e0000000)
  object space 53248K, 15% used [0x00000000a0000000,0x00000000a07f55b8,0x00000000a3400000)
 Metaspace       used 28367K, capacity 28936K, committed 29360K, reserved 1075200K
  class space    used 3973K, capacity 4155K, committed 4272K, reserved 1048576K
}

Deoptimization events (10 events):
Event: 15.329 Thread 0x000000001971f000 Uncommon trap: reason=class_check action=maybe_recompile pc=0x00000000032fd280 method=java.lang.reflect.Method.equals(Ljava/lang/Object;)Z @ 5
Event: 15.329 Thread 0x000000001971f000 Uncommon trap: reason=class_check action=maybe_recompile pc=0x00000000032fd280 method=java.lang.reflect.Method.equals(Ljava/lang/Object;)Z @ 5
Event: 15.506 Thread 0x0000000019110800 Uncommon trap: reason=bimorphic action=maybe_recompile pc=0x0000000003345ae8 method=java.io.BufferedInputStream.read([BII)I @ 101
Event: 15.519 Thread 0x000000001971f000 Uncommon trap: reason=class_check action=maybe_recompile pc=0x00000000032f1a9c method=sun.misc.URLClassPath.getLoader(I)Lsun/misc/URLClassPath$Loader; @ 94
Event: 15.529 Thread 0x000000001971f000 Uncommon trap: reason=class_check action=maybe_recompile pc=0x000000000330b524 method=sun.misc.URLClassPath.getLoader(I)Lsun/misc/URLClassPath$Loader; @ 239
Event: 15.661 Thread 0x000000001971f000 Uncommon trap: reason=unstable_if action=reinterpret pc=0x0000000003080a8c method=java.io.WinNTFileSystem.resolve(Ljava/lang/String;Ljava/lang/String;)Ljava/lang/String; @ 49
Event: 16.207 Thread 0x000000001971f000 Uncommon trap: reason=unstable_if action=reinterpret pc=0x000000000352d1e0 method=java.net.URI.match(CJJ)Z @ 45
Event: 16.352 Thread 0x000000001971f000 Uncommon trap: reason=bimorphic action=maybe_recompile pc=0x0000000003345ae8 method=java.io.BufferedInputStream.read([BII)I @ 101
Event: 16.355 Thread 0x000000001971f000 Uncommon trap: reason=bimorphic action=maybe_recompile pc=0x0000000003345ae8 method=java.io.BufferedInputStream.read([BII)I @ 101
Event: 17.170 Thread 0x000000001971f000 Uncommon trap: reason=unstable_if action=reinterpret pc=0x00000000036b8f6c method=com.esotericsoftware.kryo.io.Output.writeString(Ljava/lang/CharSequence;)V @ 1

Classes redefined (0 events):
No events

Internal exceptions (10 events):
Event: 15.815 Thread 0x000000001971f000 Exception <a 'java/lang/ClassNotFoundException': org/gradle/api/internal/artifacts/repositories/AbstractAuthenticationSupportedRepositoryCustomizer> (0x00000000e0439300) thrown at [D:\src\AOSP-openjdk-cygwin\jdk8u\hotspot\src\share\vm\classfile\systemDict
Event: 15.818 Thread 0x000000001971f000 Exception <a 'java/lang/ClassNotFoundException': org/gradle/api/internal/artifacts/repositories/DefaultMavenArtifactRepositoryCustomizer> (0x00000000e049c9a8) thrown at [D:\src\AOSP-openjdk-cygwin\jdk8u\hotspot\src\share\vm\classfile\systemDictionary.cpp,
Event: 15.822 Thread 0x000000001971f000 Exception <a 'java/lang/ClassNotFoundException': org/gradle/api/internal/artifacts/repositories/DefaultMavenArtifactRepository_DecoratedCustomizer> (0x00000000e050f3e0) thrown at [D:\src\AOSP-openjdk-cygwin\jdk8u\hotspot\src\share\vm\classfile\systemDicti
Event: 16.061 Thread 0x000000001971f000 Exception <a 'java/lang/ClassNotFoundException': org/gradle/api/internal/artifacts/dsl/dependencies/DefaultDependencyHandler_DecoratedBeanInfo> (0x00000000e169a140) thrown at [D:\src\AOSP-openjdk-cygwin\jdk8u\hotspot\src\share\vm\classfile\systemDictionar
Event: 16.062 Thread 0x000000001971f000 Exception <a 'java/lang/ClassNotFoundException': org/gradle/api/internal/artifacts/dsl/dependencies/DefaultDependencyHandlerBeanInfo> (0x00000000e16e78e0) thrown at [D:\src\AOSP-openjdk-cygwin\jdk8u\hotspot\src\share\vm\classfile\systemDictionary.cpp, lin
Event: 16.063 Thread 0x000000001971f000 Exception <a 'java/lang/ClassNotFoundException': org/gradle/api/internal/artifacts/dsl/dependencies/DefaultDependencyHandlerCustomizer> (0x00000000e1735f90) thrown at [D:\src\AOSP-openjdk-cygwin\jdk8u\hotspot\src\share\vm\classfile\systemDictionary.cpp, l
Event: 16.065 Thread 0x000000001971f000 Exception <a 'java/lang/ClassNotFoundException': org/gradle/api/internal/artifacts/dsl/dependencies/DefaultDependencyHandler_DecoratedCustomizer> (0x00000000e17abfe0) thrown at [D:\src\AOSP-openjdk-cygwin\jdk8u\hotspot\src\share\vm\classfile\systemDiction
Event: 17.170 Thread 0x000000001971f000 Implicit null exception at 0x00000000036b8cb0 to 0x00000000036b8f59
Event: 17.569 Thread 0x000000001971f000 Exception <a 'java/lang/ClassNotFoundException': build_axpjwn4iblby4x2doucbf7s8fBeanInfo> (0x00000000e1b3db00) thrown at [D:\src\AOSP-openjdk-cygwin\jdk8u\hotspot\src\share\vm\classfile\systemDictionary.cpp, line 210]
Event: 17.570 Thread 0x000000001971f000 Exception <a 'java/lang/ClassNotFoundException': build_axpjwn4iblby4x2doucbf7s8fCustomizer> (0x00000000e1b484a8) thrown at [D:\src\AOSP-openjdk-cygwin\jdk8u\hotspot\src\share\vm\classfile\systemDictionary.cpp, line 210]

Events (10 events):
Event: 17.587 loading class groovy/runtime/metaclass/build_axpjwn4iblby4x2doucbf7s8f$_run_closure1MetaClass
Event: 17.587 loading class groovy/runtime/metaclass/build_axpjwn4iblby4x2doucbf7s8f$_run_closure1MetaClass done
Event: 17.588 loading class groovy/runtime/metaclass/org/gradle/api/internal/project/DefaultProject_DecoratedMetaClass
Event: 17.588 loading class groovy/runtime/metaclass/org/gradle/api/internal/project/DefaultProject_DecoratedMetaClass done
Event: 17.592 loading class org/gradle/api/internal/project/DefaultProject_DecoratedBeanInfo
Event: 17.592 loading class org/gradle/api/internal/project/DefaultProject_DecoratedBeanInfo done
Event: 17.593 loading class org/gradle/api/internal/project/DefaultProject_DecoratedBeanInfo
Event: 17.593 loading class org/gradle/api/internal/project/DefaultProject_DecoratedBeanInfo done
Event: 17.593 loading class org/gradle/api/internal/project/DefaultProject_DecoratedBeanInfo
Event: 17.593 loading class org/gradle/api/internal/project/DefaultProject_DecoratedBeanInfo done


Dynamic libraries:
0x00007ff7a84b0000 - 0x00007ff7a84e1000 	C:\Program Files\Android\android-studio\jre\bin\java.exe
0x00007ffe3ae30000 - 0x00007ffe3b011000 	C:\WINDOWS\SYSTEM32\ntdll.dll
0x00007ffe3a9d0000 - 0x00007ffe3aa82000 	C:\WINDOWS\System32\KERNEL32.DLL
0x00007ffe37bc0000 - 0x00007ffe37e33000 	C:\WINDOWS\System32\KERNELBASE.dll
0x00007ffe3a800000 - 0x00007ffe3a8a1000 	C:\WINDOWS\System32\ADVAPI32.dll
0x00007ffe38cc0000 - 0x00007ffe38d5e000 	C:\WINDOWS\System32\msvcrt.dll
0x00007ffe3ab60000 - 0x00007ffe3abbb000 	C:\WINDOWS\System32\sechost.dll
0x00007ffe38b90000 - 0x00007ffe38cb4000 	C:\WINDOWS\System32\RPCRT4.dll
0x00007ffe38f00000 - 0x00007ffe39090000 	C:\WINDOWS\System32\USER32.dll
0x00007ffe37b00000 - 0x00007ffe37b20000 	C:\WINDOWS\System32\win32u.dll
0x00007ffe38a70000 - 0x00007ffe38a98000 	C:\WINDOWS\System32\GDI32.dll
0x00007ffe37250000 - 0x00007ffe373e2000 	C:\WINDOWS\System32\gdi32full.dll
0x00007ffe37b20000 - 0x00007ffe37bbf000 	C:\WINDOWS\System32\msvcp_win.dll
0x00007ffe37fd0000 - 0x00007ffe380ca000 	C:\WINDOWS\System32\ucrtbase.dll
0x00007ffe2cba0000 - 0x00007ffe2ce09000 	C:\WINDOWS\WinSxS\amd64_microsoft.windows.common-controls_6595b64144ccf1df_6.0.17134.228_none_fb4599993062b194\COMCTL32.dll
0x00007ffe39090000 - 0x00007ffe393b3000 	C:\WINDOWS\System32\combase.dll
0x00007ffe37f50000 - 0x00007ffe37fca000 	C:\WINDOWS\System32\bcryptPrimitives.dll
0x00007ffe3a8b0000 - 0x00007ffe3a8dd000 	C:\WINDOWS\System32\IMM32.DLL
0x000000005e750000 - 0x000000005e822000 	C:\Program Files\Android\android-studio\jre\jre\bin\msvcr100.dll
0x000000005e910000 - 0x000000005f151000 	C:\Program Files\Android\android-studio\jre\jre\bin\server\jvm.dll
0x00007ffe38ab0000 - 0x00007ffe38ab8000 	C:\WINDOWS\System32\PSAPI.DLL
0x00007ffe33fe0000 - 0x00007ffe34003000 	C:\WINDOWS\SYSTEM32\WINMM.dll
0x00007ffe2aee0000 - 0x00007ffe2aeea000 	C:\WINDOWS\SYSTEM32\VERSION.dll
0x00007ffe33fb0000 - 0x00007ffe33fda000 	C:\WINDOWS\SYSTEM32\winmmbase.dll
0x00007ffe37200000 - 0x00007ffe37249000 	C:\WINDOWS\System32\cfgmgr32.dll
0x00007ffe24b70000 - 0x00007ffe24b79000 	C:\WINDOWS\SYSTEM32\WSOCK32.dll
0x00007ffe3aaf0000 - 0x00007ffe3ab5c000 	C:\WINDOWS\System32\WS2_32.dll
0x00007ffe2c810000 - 0x00007ffe2c81f000 	C:\Program Files\Android\android-studio\jre\jre\bin\verify.dll
0x00007ffe21760000 - 0x00007ffe21789000 	C:\Program Files\Android\android-studio\jre\jre\bin\java.dll
0x00007ffe21510000 - 0x00007ffe21526000 	C:\Program Files\Android\android-studio\jre\jre\bin\zip.dll
0x00007ffe393c0000 - 0x00007ffe3a800000 	C:\WINDOWS\System32\SHELL32.dll
0x00007ffe38e50000 - 0x00007ffe38ef9000 	C:\WINDOWS\System32\shcore.dll
0x00007ffe373f0000 - 0x00007ffe37afd000 	C:\WINDOWS\System32\windows.storage.dll
0x00007ffe3a8e0000 - 0x00007ffe3a931000 	C:\WINDOWS\System32\shlwapi.dll
0x00007ffe37150000 - 0x00007ffe37161000 	C:\WINDOWS\System32\kernel.appcore.dll
0x00007ffe371e0000 - 0x00007ffe371ff000 	C:\WINDOWS\System32\profapi.dll
0x00007ffe37170000 - 0x00007ffe371bc000 	C:\WINDOWS\System32\powrprof.dll
0x00007ffe37140000 - 0x00007ffe3714a000 	C:\WINDOWS\System32\FLTLIB.DLL
0x00007ffe20e30000 - 0x00007ffe20e4a000 	C:\Program Files\Android\android-studio\jre\jre\bin\net.dll
0x00007ffe36960000 - 0x00007ffe369c6000 	C:\WINDOWS\system32\mswsock.dll
0x00007ffe1fee0000 - 0x00007ffe1fef1000 	C:\Program Files\Android\android-studio\jre\jre\bin\nio.dll
0x00007ffe21410000 - 0x00007ffe2142e000 	C:\Users\wecal\.gradle\native\25\windows-amd64\native-platform.dll
0x00007ffe2c440000 - 0x00007ffe2c44d000 	C:\Program Files\Android\android-studio\jre\jre\bin\management.dll
0x00007ffe36b10000 - 0x00007ffe36b27000 	C:\WINDOWS\SYSTEM32\CRYPTSP.dll
0x00007ffe36540000 - 0x00007ffe36573000 	C:\WINDOWS\system32\rsaenh.dll
0x00007ffe36ca0000 - 0x00007ffe36cc5000 	C:\WINDOWS\SYSTEM32\bcrypt.dll
0x00007ffe37070000 - 0x00007ffe37098000 	C:\WINDOWS\SYSTEM32\USERENV.dll
0x00007ffe36b30000 - 0x00007ffe36b3b000 	C:\WINDOWS\SYSTEM32\CRYPTBASE.dll
0x00007ffe366e0000 - 0x00007ffe36718000 	C:\WINDOWS\SYSTEM32\IPHLPAPI.DLL
0x00007ffe3a9c0000 - 0x00007ffe3a9c8000 	C:\WINDOWS\System32\NSI.dll
0x00007ffe30150000 - 0x00007ffe30166000 	C:\WINDOWS\SYSTEM32\dhcpcsvc6.DLL
0x00007ffe30130000 - 0x00007ffe3014a000 	C:\WINDOWS\SYSTEM32\dhcpcsvc.DLL

VM Arguments:
jvm_args: -Xmx1536m -Dfile.encoding=windows-1252 -Duser.country=BR -Duser.language=pt -Duser.variant 
java_command: org.gradle.launcher.daemon.bootstrap.GradleDaemon 4.6
java_class_path (initial): C:\Users\wecal\.gradle\wrapper\dists\gradle-4.6-all\bcst21l2brirad8k2ben1letg\gradle-4.6\lib\gradle-launcher-4.6.jar
Launcher Type: SUN_STANDARD

Environment Variables:
PATH=C:\ProgramData\Oracle\Java\javapath;C:\WINDOWS\system32;C:\WINDOWS;C:\WINDOWS\System32\Wbem;C:\WINDOWS\System32\WindowsPowerShell\v1.0\;C:\Program Files\nodejs\;C:\Program Files\Git\cmd;C:\Program Files\OpenSSH\bin;C:\WINDOWS\System32\OpenSSH\;C:\Ruby24-x64\bin;C:\Users\wecal\AppData\Local\Microsoft\WindowsApps;C:\Users\wecal\AppData\Local\atom\bin;C:\Program Files (x86)\Microsoft VS Code\bin;C:\Users\wecal\AppData\Local\Microsoft\WindowsApps;C:\Users\wecal\AppData\Roaming\npm;C:\Program Files\Heroku\bin;C:\adb;C:\Ruby24-x64\bin;C:\Users\wecal\AppData\Local\Microsoft\WindowsApps;C:\Users\wecal\AppData\Local\atom\bin;C:\Program Files (x86)\Microsoft VS Code\bin;C:\Users\wecal\AppData\Local\Microsoft\WindowsApps;C:\Users\wecal\AppData\Roaming\npm;C:\Program Files\Heroku\bin;
USERNAME=wecal
OS=Windows_NT
PROCESSOR_IDENTIFIER=Intel64 Family 6 Model 94 Stepping 3, GenuineIntel



---------------  S Y S T E M  ---------------

OS: Windows 10.0 , 64 bit Build 17134 (10.0.17134.1)

CPU:total 4 (initial active 4) (2 cores per cpu, 2 threads per core) family 6 model 94 stepping 3, cmov, cx8, fxsr, mmx, sse, sse2, sse3, ssse3, sse4.1, sse4.2, popcnt, avx, avx2, aes, clmul, erms, 3dnowpref, lzcnt, ht, tsc, tscinvbit, bmi1, bmi2, adx

Memory: 4k page, physical 8265924k(271484k free), swap 14312644k(5188k free)

vm_info: OpenJDK 64-Bit Server VM (25.152-b05) for windows-amd64 JRE (1.8.0_152-release-1136-b05), built by "builder" with MS VC++ 10.0 (VS2010)

time: Tue Sep 04 08:35:56 2018
elapsed time: 17 seconds (0d 0h 0m 17s)

